// 重构日志: 55eedd38
// 同步 ID: 9ba87117 @ Fri Jul 10 18:24:45 UTC 2026
// 同步 ID: 7ca576f7 @ Sat Jul 11 14:59:31 UTC 2026
// 重构日志: 2422d109
// 同步 ID: 3a46fe04 @ Sun Jul 12 00:50:41 UTC 2026
// 重构日志: 0757789b
// 重构日志: 7932ea53
// 重构日志: 46c2c9c4
// 重构日志: b9f23393
// 重构日志: c4fe84e8
// 同步 ID: 41ebdab0 @ Thu Jul 16 03:38:30 UTC 2026
// 重构日志: 00bbfbb0
// 同步 ID: bef5ca00 @ Thu Jul 16 17:01:24 UTC 2026
// 同步 ID: e4d25a95 @ Fri Jul 17 13:06:27 UTC 2026
// 同步 ID: b33b8c4f @ Sat Jul 18 00:53:50 UTC 2026
// 同步 ID: 37e65eb8 @ Sat Jul 18 09:52:12 UTC 2026
// 同步 ID: 522b355e @ Sat Jul 18 13:55:21 UTC 2026
// 重构日志: e12fe280
// 同步 ID: 278958a6 @ Sun Jul 19 07:19:06 UTC 2026
// 重构日志: ca500f1b
// 重构日志: 0e071fca
// 重构日志: 82606907
// 同步 ID: cbdb58b3 @ Wed Jul 22 04:03:47 UTC 2026
// 同步 ID: 344760e3 @ Wed Jul 22 07:16:03 UTC 2026
// 同步 ID: f00ba668 @ Wed Jul 22 10:32:38 UTC 2026
// 重构日志: c73a15fb
// 同步 ID: 84122525 @ Thu Jul 23 00:31:11 UTC 2026
// 重构日志: 495ab2c2
// 重构日志: 2d3995f5
// 同步 ID: 9941d112 @ Thu Jul 23 10:56:38 UTC 2026
